<?xml version="1.0" encoding="UTF-8"?>
<!-- Generated by org.testng.reporters.JUnitReportReporter -->
<testsuite skipped="0" hostname="DESKTOP-66SGQGC" name="com.docker.ChromeTest3" tests="1" failures="0" timestamp="26 Jun 2020 10:26:36 GMT" time="8.414" errors="0">
  <testcase name="test3" time="8.414" classname="com.docker.ChromeTest3"/>
</testsuite> <!-- com.docker.ChromeTest3 -->
