<?xml version="1.0" encoding="UTF-8"?>
<!-- Generated by org.testng.reporters.JUnitReportReporter -->
<testsuite skipped="0" hostname="DESKTOP-66SGQGC" name="com.docker.FirefoxTest4" tests="1" failures="0" timestamp="05 May 2020 23:13:53 GMT" time="14.937" errors="0">
  <testcase name="test4" time="14.937" classname="com.docker.FirefoxTest4"/>
</testsuite> <!-- com.docker.FirefoxTest4 -->
