<?xml version="1.0" encoding="UTF-8"?>
<!-- Generated by org.testng.reporters.JUnitReportReporter -->
<testsuite skipped="0" hostname="DESKTOP-66SGQGC" name="com.docker.ChromeTest3" tests="1" failures="0" timestamp="07 May 2020 01:42:14 GMT" time="7.646" errors="0">
  <testcase name="test3" time="7.646" classname="com.docker.ChromeTest3"/>
</testsuite> <!-- com.docker.ChromeTest3 -->
