<?xml version="1.0" encoding="UTF-8"?>
<!-- Generated by org.testng.reporters.JUnitReportReporter -->
<testsuite skipped="0" hostname="DESKTOP-66SGQGC" name="com.docker.SetUp_DockerGrid" tests="2" failures="0" timestamp="11 Apr 2020 15:42:22 GMT" time="20.033" errors="0">
  <testcase name="startDockerGrid" time="15.020" classname="com.docker.SetUp_DockerGrid"/>
  <testcase name="stopDockerGrid" time="5.013" classname="com.docker.SetUp_DockerGrid"/>
</testsuite> <!-- com.docker.SetUp_DockerGrid -->
