<?xml version="1.0" encoding="UTF-8"?>
<!-- Generated by org.testng.reporters.JUnitReportReporter -->
<testsuite skipped="0" hostname="DESKTOP-66SGQGC" name="com.docker.FirefoxTest4" tests="1" failures="0" timestamp="07 May 2020 01:42:14 GMT" time="13.723" errors="0">
  <testcase name="test4" time="13.723" classname="com.docker.FirefoxTest4"/>
</testsuite> <!-- com.docker.FirefoxTest4 -->
