<?xml version="1.0" encoding="UTF-8"?>
<!-- Generated by org.testng.reporters.JUnitReportReporter -->
<testsuite skipped="0" hostname="DESKTOP-66SGQGC" name="com.docker.FirefoxTest4" tests="1" failures="0" timestamp="11 Apr 2020 16:05:56 GMT" time="14.685" errors="0">
  <testcase name="test4" time="14.685" classname="com.docker.FirefoxTest4"/>
</testsuite> <!-- com.docker.FirefoxTest4 -->
